<?xml version="1.0" encoding="UTF-8"?>
<!-- Generated by org.testng.reporters.JUnitXMLReporter -->
<testsuite hostname="qsp-oar4-PC" name="Default test" tests="2" failures="0" timestamp="7 Mar 2019 04:14:44 GMT" time="29.392" errors="0">
  <testcase name="cerateCustomerWithDescrition" time="3.47" classname="com.acttime.customertest.CreateCustomerTest"/>
  <testcase name="createCustomerTest" time="2.374" classname="com.acttime.customertest.CreateCustomerTest"/>
</testsuite> <!-- Default test -->
