<?xml version="1.0" encoding="UTF-8"?>
<!-- Generated by org.testng.reporters.JUnitXMLReporter -->
<testsuite hostname="qsp-oar4-PC" name="Test" tests="4" failures="0" timestamp="8 Mar 2019 03:19:59 GMT" time="52.25" errors="0">
  <testcase name="verifyHomePAge" time="2.422" classname="com.acttime.logintest.LoginTest"/>
  <testcase name="verifyLogoInHomePAge" time="0.048" classname="com.acttime.logintest.LoginTest"/>
  <testcase name="cerateCustomerWithDescrition" time="2.981" classname="com.acttime.customertest.CreateCustomerTest"/>
  <testcase name="createCustomerTest" time="2.4" classname="com.acttime.customertest.CreateCustomerTest"/>
</testsuite> <!-- Test -->
